/*C1*/SET SCHEMA SYSTEM_LOBS
INSERT INTO BLOCKS VALUES(0,2147483647,0)
COMMIT
/*C2*/SET SCHEMA PUBLIC
DISCONNECT
/*C4*/SET SCHEMA PUBLIC
DISCONNECT
/*C3*/SET SCHEMA PUBLIC
DISCONNECT
/*C6*/SET SCHEMA PUBLIC
DISCONNECT
/*C5*/SET SCHEMA PUBLIC
DISCONNECT
/*C8*/SET SCHEMA PUBLIC
DISCONNECT
/*C7*/SET SCHEMA PUBLIC
DISCONNECT
/*C9*/SET SCHEMA PUBLIC
INSERT INTO CHANNEL_VARIABLE VALUES(1,'users_group_and_filter','&mail')
COMMIT
INSERT INTO CHANNEL_VARIABLE VALUES(1,'users_group_nested_search','false')
COMMIT
INSERT INTO CHANNEL_VARIABLE VALUES(1,'groups_group_and_filter','null&')
COMMIT
INSERT INTO CHANNEL_VARIABLE VALUES(1,'identity_mapping_hash','ef22b545382327c3f506836a370546e9')
COMMIT
INSERT INTO CHANNEL_USER VALUES(1,'f81a22fe-6675-40a3-93cd-ab7117fc6979',NULL,'user.0','bbb8fc2754dcc0989b80687af133b85e',1,1,'eyJhbGciOiJkaXIiLCJlbmMiOiJBMTI4Q0JDLUhTMjU2Iiwia2lkIjoiUmtRYnRGanVkNyIsInZlcnNpb24iOiIxMC4xLjIuMCJ9..-1-bfz4Hi4iOaofeA8EHvA.oY48Kq7lVaMwvFNmBPVRqdaFocfdw-IT-b0cO3A0sjPdfx_cExThIkkj97JAxx26SVBT56V1_AFvwOa3kPFT_9iesgeWsoijjrsJW1YsMN-Np-qbHSiaywoSldS9jT85aAeCZ5ZUwhhi_FaHYEmmF_HCXONgMU2I82gKbYSczNlCmNctaM8abc3PnjAf_lSkn7LBsFKFMPedS9jsNBIiMNPMgDGi_YKZXQ8QKZ6MAyiqHqflfarz6EvfmCsYuUbK_bkylQ1kPdHsidxjRTMH5vZ_KDpFaQgwpJjL6ocJ_SD3RFD57tOIemHM9ELcSQAM.U9gze41lRAD6352MuvoEzA','2020-12-16 00:03:19.795000','2020-12-16 00:03:19.795000')
COMMIT
INSERT INTO CHANNEL_USER VALUES(1,'6afa6466-8c8c-4fd9-94cc-f03217fb86d3',NULL,'user.1','305aadf4a6ffa9e9225058ea048fd7b2',1,1,'eyJhbGciOiJkaXIiLCJlbmMiOiJBMTI4Q0JDLUhTMjU2Iiwia2lkIjoiUmtRYnRGanVkNyIsInZlcnNpb24iOiIxMC4xLjIuMCJ9.._gAt8iL2DEnvRTJi4VqerQ.SUHcWygavOwGSLMRmQWSCp1Vtnb_TPYR7Vl3nvK_VzBgd2iWlaM8kaAO6rGqnjlNQjz17xHvUdn3UH6X7wiopMMBFdMYrddHioGPRzlHkHr-z-PbbmIK7LlgvFRPO0iL1Cr4xfo3XD6cKsSHycraYPM-0kaHwIcJbpVxM0tcGu5NT9Ga8SuJwYFLfeTBNeZ3zNGi09ln4J6XN-MatyFk4PL5s87nZe6EwUfulJiaGy-8695RmtGsj-ahaq_xCwMZU5qN5RsyFoN3lCnRslP5MAxqh1JB81eYonldEO899q84cTyJV9pF9Z0sdDlZ2a3N.h_Ar7aLLfQ49jTr1VTXzLQ','2020-12-16 00:03:19.800000','2020-12-16 00:03:19.800000')
COMMIT
INSERT INTO CHANNEL_USER VALUES(1,'aa2e1452-81cd-4dc0-8949-3aef4dc0ccae',NULL,'user.2','7afe3f9af0bc6f9e948c5a96002781c0',1,1,'eyJhbGciOiJkaXIiLCJlbmMiOiJBMTI4Q0JDLUhTMjU2Iiwia2lkIjoiUmtRYnRGanVkNyIsInZlcnNpb24iOiIxMC4xLjIuMCJ9..4UZ8XBmuJBuJokUNyEhT4w.VuQV3-IdI8EbQFW-SU7N53qSxM_QYnkU-pTb1hGGNKbsS2CwgW6NnpVq03_J5MipPXvkDBK0T40dj8OM8_r7aZ-cZvgb3WwtLuxLKjXDFKGoGmdeCNXo3XTyoiwnbe5oNEqonBgkrMSEzxNCENf9g1nvollayM-r8liIJ2UfPUFp_KvFA7c5SBuWfjEPltVFNDxLS1xzzi7Femg1S8um8On9G72ChZm10HqBj-dISrQSx_eQJEEHrTtKtv-lqLfUdlFXlPv1jJkprYPSJnAfqZLSqZ3Z5W1tYkCBl7wZW3h6KH5glCDxsNcm9Vy-d7So.HlXg4BOb1fns2F3BQ7ddbw','2020-12-16 00:03:19.802000','2020-12-16 00:03:19.802000')
COMMIT
INSERT INTO CHANNEL_USER VALUES(1,'786417fd-19a0-440c-b958-60245feea10f',NULL,'user.3','307caa18d29a1178404091eb70c84b32',1,1,'eyJhbGciOiJkaXIiLCJlbmMiOiJBMTI4Q0JDLUhTMjU2Iiwia2lkIjoiUmtRYnRGanVkNyIsInZlcnNpb24iOiIxMC4xLjIuMCJ9..-DElvSaC4L8uinb_nCdb1A.11ALzK7dU3WBhbV95PGzrCPVC3RDfpzJwAed3WlOaPffJ4NPjxIIjjiSIm96jEmPaE4wFk_QoMfZcOJ3d-Q2mPgPB3KoXJ_wjxz8E4LnhF8fQ34dPdVuSvoi3Su1C2yQbz6Fs50am-U80AybDQleCHJN4Hiwr6KKoM4QqMn3kc807cbbhXlKfFACebpGFMXBtmgv52-3tBoNXG-5A6nhwqEwhLnsJmewT_Ce1tiZ8b-rdk79pvOuQalZYxWsA9OjM9qiyqxzs7lj97PUvNWPW8KgKp5jfoLv6Mi8S1flF6QJHAtjvwiWeu89B8bPqxOu.QffTUHhfMMs04j4NAD1MaA','2020-12-16 00:03:19.805000','2020-12-16 00:03:19.805000')
COMMIT
INSERT INTO CHANNEL_USER VALUES(1,'2a128f2f-2e8c-4959-911c-d9a6a978d184',NULL,'user.4','c42fdd5afcf1d6921c36e2fb23ae4b61',1,1,'eyJhbGciOiJkaXIiLCJlbmMiOiJBMTI4Q0JDLUhTMjU2Iiwia2lkIjoiUmtRYnRGanVkNyIsInZlcnNpb24iOiIxMC4xLjIuMCJ9..RM_IraO1t8_JqwzI5rRn2Q.X0eZxgsht5dYqOBZw-GPVt89z50IUVaDtS6euHitGMPFXzBR5StTpHXHe2DhxH0b7hCYSewvV5NUwrOxOSJKrTz8UCiP5w92c45NLT9r8vxQCjbEsfPC9T4RhlV0mP13xVZS6BdpVIOsmM6_YNtxDXScGfOZzqjjqrp-jammymMgxTvJIvKWUxQlQnpNm1FTm6DrWwIiYKj844b-_jCaL-S0R3ucQpnAN5iCi_-eCYvBGN9u2bcWI-cisqzYSwnrWkMW5ZnsMS3gRLIlHlzI6kFpykodIg7PKFJb0LzNbuYy0LflZgT4jWbVPFax0K0Q.TlAQZLuPCvYpmrzWDBo5jw','2020-12-16 00:03:19.807000','2020-12-16 00:03:19.807000')
COMMIT
INSERT INTO CHANNEL_VARIABLE VALUES(1,'attrib_last_timestamp','1608076885073')
COMMIT
/*C10*/SET SCHEMA PUBLIC
DELETE FROM CHANNEL_USER WHERE CHANNEL=1 AND DSGUID='2a128f2f-2e8c-4959-911c-d9a6a978d184'
INSERT INTO CHANNEL_USER VALUES(1,'2a128f2f-2e8c-4959-911c-d9a6a978d184','bfac74a0-6fc9-4a1d-ba3e-dd76c7c0154d','user.4','c42fdd5afcf1d6921c36e2fb23ae4b61',1,1,'eyJhbGciOiJkaXIiLCJlbmMiOiJBMTI4Q0JDLUhTMjU2Iiwia2lkIjoiUmtRYnRGanVkNyIsInZlcnNpb24iOiIxMC4xLjIuMCJ9..RM_IraO1t8_JqwzI5rRn2Q.X0eZxgsht5dYqOBZw-GPVt89z50IUVaDtS6euHitGMPFXzBR5StTpHXHe2DhxH0b7hCYSewvV5NUwrOxOSJKrTz8UCiP5w92c45NLT9r8vxQCjbEsfPC9T4RhlV0mP13xVZS6BdpVIOsmM6_YNtxDXScGfOZzqjjqrp-jammymMgxTvJIvKWUxQlQnpNm1FTm6DrWwIiYKj844b-_jCaL-S0R3ucQpnAN5iCi_-eCYvBGN9u2bcWI-cisqzYSwnrWkMW5ZnsMS3gRLIlHlzI6kFpykodIg7PKFJb0LzNbuYy0LflZgT4jWbVPFax0K0Q.TlAQZLuPCvYpmrzWDBo5jw','2020-12-16 00:03:19.807000','2020-12-16 00:03:22.622000')
COMMIT
DELETE FROM CHANNEL_USER WHERE CHANNEL=1 AND DSGUID='2a128f2f-2e8c-4959-911c-d9a6a978d184'
INSERT INTO CHANNEL_USER VALUES(1,'2a128f2f-2e8c-4959-911c-d9a6a978d184','bfac74a0-6fc9-4a1d-ba3e-dd76c7c0154d','user.4','c42fdd5afcf1d6921c36e2fb23ae4b61',1,0,'eyJhbGciOiJkaXIiLCJlbmMiOiJBMTI4Q0JDLUhTMjU2Iiwia2lkIjoiUmtRYnRGanVkNyIsInZlcnNpb24iOiIxMC4xLjIuMCJ9..RM_IraO1t8_JqwzI5rRn2Q.X0eZxgsht5dYqOBZw-GPVt89z50IUVaDtS6euHitGMPFXzBR5StTpHXHe2DhxH0b7hCYSewvV5NUwrOxOSJKrTz8UCiP5w92c45NLT9r8vxQCjbEsfPC9T4RhlV0mP13xVZS6BdpVIOsmM6_YNtxDXScGfOZzqjjqrp-jammymMgxTvJIvKWUxQlQnpNm1FTm6DrWwIiYKj844b-_jCaL-S0R3ucQpnAN5iCi_-eCYvBGN9u2bcWI-cisqzYSwnrWkMW5ZnsMS3gRLIlHlzI6kFpykodIg7PKFJb0LzNbuYy0LflZgT4jWbVPFax0K0Q.TlAQZLuPCvYpmrzWDBo5jw','2020-12-16 00:03:19.807000','2020-12-16 00:03:22.625000')
COMMIT
DELETE FROM CHANNEL_USER WHERE CHANNEL=1 AND DSGUID='2a128f2f-2e8c-4959-911c-d9a6a978d184'
INSERT INTO CHANNEL_USER VALUES(1,'2a128f2f-2e8c-4959-911c-d9a6a978d184','bfac74a0-6fc9-4a1d-ba3e-dd76c7c0154d','user.4','c42fdd5afcf1d6921c36e2fb23ae4b61',1,0,'eyJhbGciOiJkaXIiLCJlbmMiOiJBMTI4Q0JDLUhTMjU2Iiwia2lkIjoiUmtRYnRGanVkNyIsInZlcnNpb24iOiIxMC4xLjIuMCJ9..VvINZjAWbVyjgCT5uVbdaQ.Wki847fqgbvYMDp9JJBPaA.mvPp_KJIV2cSnkJhs6dP5Q','2020-12-16 00:03:19.807000','2020-12-16 00:03:22.626000')
COMMIT
DELETE FROM CHANNEL_USER WHERE CHANNEL=1 AND DSGUID='6afa6466-8c8c-4fd9-94cc-f03217fb86d3'
INSERT INTO CHANNEL_USER VALUES(1,'6afa6466-8c8c-4fd9-94cc-f03217fb86d3','53957791-cd9e-45e6-86be-bb0633859aea','user.1','305aadf4a6ffa9e9225058ea048fd7b2',1,1,'eyJhbGciOiJkaXIiLCJlbmMiOiJBMTI4Q0JDLUhTMjU2Iiwia2lkIjoiUmtRYnRGanVkNyIsInZlcnNpb24iOiIxMC4xLjIuMCJ9.._gAt8iL2DEnvRTJi4VqerQ.SUHcWygavOwGSLMRmQWSCp1Vtnb_TPYR7Vl3nvK_VzBgd2iWlaM8kaAO6rGqnjlNQjz17xHvUdn3UH6X7wiopMMBFdMYrddHioGPRzlHkHr-z-PbbmIK7LlgvFRPO0iL1Cr4xfo3XD6cKsSHycraYPM-0kaHwIcJbpVxM0tcGu5NT9Ga8SuJwYFLfeTBNeZ3zNGi09ln4J6XN-MatyFk4PL5s87nZe6EwUfulJiaGy-8695RmtGsj-ahaq_xCwMZU5qN5RsyFoN3lCnRslP5MAxqh1JB81eYonldEO899q84cTyJV9pF9Z0sdDlZ2a3N.h_Ar7aLLfQ49jTr1VTXzLQ','2020-12-16 00:03:19.800000','2020-12-16 00:03:24.790000')
COMMIT
DELETE FROM CHANNEL_USER WHERE CHANNEL=1 AND DSGUID='6afa6466-8c8c-4fd9-94cc-f03217fb86d3'
INSERT INTO CHANNEL_USER VALUES(1,'6afa6466-8c8c-4fd9-94cc-f03217fb86d3','53957791-cd9e-45e6-86be-bb0633859aea','user.1','305aadf4a6ffa9e9225058ea048fd7b2',1,0,'eyJhbGciOiJkaXIiLCJlbmMiOiJBMTI4Q0JDLUhTMjU2Iiwia2lkIjoiUmtRYnRGanVkNyIsInZlcnNpb24iOiIxMC4xLjIuMCJ9.._gAt8iL2DEnvRTJi4VqerQ.SUHcWygavOwGSLMRmQWSCp1Vtnb_TPYR7Vl3nvK_VzBgd2iWlaM8kaAO6rGqnjlNQjz17xHvUdn3UH6X7wiopMMBFdMYrddHioGPRzlHkHr-z-PbbmIK7LlgvFRPO0iL1Cr4xfo3XD6cKsSHycraYPM-0kaHwIcJbpVxM0tcGu5NT9Ga8SuJwYFLfeTBNeZ3zNGi09ln4J6XN-MatyFk4PL5s87nZe6EwUfulJiaGy-8695RmtGsj-ahaq_xCwMZU5qN5RsyFoN3lCnRslP5MAxqh1JB81eYonldEO899q84cTyJV9pF9Z0sdDlZ2a3N.h_Ar7aLLfQ49jTr1VTXzLQ','2020-12-16 00:03:19.800000','2020-12-16 00:03:24.791000')
COMMIT
DELETE FROM CHANNEL_USER WHERE CHANNEL=1 AND DSGUID='6afa6466-8c8c-4fd9-94cc-f03217fb86d3'
INSERT INTO CHANNEL_USER VALUES(1,'6afa6466-8c8c-4fd9-94cc-f03217fb86d3','53957791-cd9e-45e6-86be-bb0633859aea','user.1','305aadf4a6ffa9e9225058ea048fd7b2',1,0,'eyJhbGciOiJkaXIiLCJlbmMiOiJBMTI4Q0JDLUhTMjU2Iiwia2lkIjoiUmtRYnRGanVkNyIsInZlcnNpb24iOiIxMC4xLjIuMCJ9..dHqHzSRyMVzCez8-3Ehc_Q.vG7YTvhTlAe3Uq3wg10TIA.n63LFkcCRJxRpeZfm_E6Mg','2020-12-16 00:03:19.800000','2020-12-16 00:03:24.792000')
COMMIT
DELETE FROM CHANNEL_USER WHERE CHANNEL=1 AND DSGUID='786417fd-19a0-440c-b958-60245feea10f'
INSERT INTO CHANNEL_USER VALUES(1,'786417fd-19a0-440c-b958-60245feea10f','cdd9354d-6a72-4afb-bc82-f2f65d1f68b0','user.3','307caa18d29a1178404091eb70c84b32',1,1,'eyJhbGciOiJkaXIiLCJlbmMiOiJBMTI4Q0JDLUhTMjU2Iiwia2lkIjoiUmtRYnRGanVkNyIsInZlcnNpb24iOiIxMC4xLjIuMCJ9..-DElvSaC4L8uinb_nCdb1A.11ALzK7dU3WBhbV95PGzrCPVC3RDfpzJwAed3WlOaPffJ4NPjxIIjjiSIm96jEmPaE4wFk_QoMfZcOJ3d-Q2mPgPB3KoXJ_wjxz8E4LnhF8fQ34dPdVuSvoi3Su1C2yQbz6Fs50am-U80AybDQleCHJN4Hiwr6KKoM4QqMn3kc807cbbhXlKfFACebpGFMXBtmgv52-3tBoNXG-5A6nhwqEwhLnsJmewT_Ce1tiZ8b-rdk79pvOuQalZYxWsA9OjM9qiyqxzs7lj97PUvNWPW8KgKp5jfoLv6Mi8S1flF6QJHAtjvwiWeu89B8bPqxOu.QffTUHhfMMs04j4NAD1MaA','2020-12-16 00:03:19.805000','2020-12-16 00:03:26.649000')
COMMIT
DELETE FROM CHANNEL_USER WHERE CHANNEL=1 AND DSGUID='786417fd-19a0-440c-b958-60245feea10f'
INSERT INTO CHANNEL_USER VALUES(1,'786417fd-19a0-440c-b958-60245feea10f','cdd9354d-6a72-4afb-bc82-f2f65d1f68b0','user.3','307caa18d29a1178404091eb70c84b32',1,0,'eyJhbGciOiJkaXIiLCJlbmMiOiJBMTI4Q0JDLUhTMjU2Iiwia2lkIjoiUmtRYnRGanVkNyIsInZlcnNpb24iOiIxMC4xLjIuMCJ9..-DElvSaC4L8uinb_nCdb1A.11ALzK7dU3WBhbV95PGzrCPVC3RDfpzJwAed3WlOaPffJ4NPjxIIjjiSIm96jEmPaE4wFk_QoMfZcOJ3d-Q2mPgPB3KoXJ_wjxz8E4LnhF8fQ34dPdVuSvoi3Su1C2yQbz6Fs50am-U80AybDQleCHJN4Hiwr6KKoM4QqMn3kc807cbbhXlKfFACebpGFMXBtmgv52-3tBoNXG-5A6nhwqEwhLnsJmewT_Ce1tiZ8b-rdk79pvOuQalZYxWsA9OjM9qiyqxzs7lj97PUvNWPW8KgKp5jfoLv6Mi8S1flF6QJHAtjvwiWeu89B8bPqxOu.QffTUHhfMMs04j4NAD1MaA','2020-12-16 00:03:19.805000','2020-12-16 00:03:26.650000')
COMMIT
DELETE FROM CHANNEL_USER WHERE CHANNEL=1 AND DSGUID='786417fd-19a0-440c-b958-60245feea10f'
INSERT INTO CHANNEL_USER VALUES(1,'786417fd-19a0-440c-b958-60245feea10f','cdd9354d-6a72-4afb-bc82-f2f65d1f68b0','user.3','307caa18d29a1178404091eb70c84b32',1,0,'eyJhbGciOiJkaXIiLCJlbmMiOiJBMTI4Q0JDLUhTMjU2Iiwia2lkIjoiUmtRYnRGanVkNyIsInZlcnNpb24iOiIxMC4xLjIuMCJ9..rOv85KUtGg9Z_HPIW61JQQ.OelDwTA_8D7OVu25eHAH5w.IdUGI3I4dKYZDo4fERMyOw','2020-12-16 00:03:19.805000','2020-12-16 00:03:26.651000')
COMMIT
DELETE FROM CHANNEL_USER WHERE CHANNEL=1 AND DSGUID='aa2e1452-81cd-4dc0-8949-3aef4dc0ccae'
INSERT INTO CHANNEL_USER VALUES(1,'aa2e1452-81cd-4dc0-8949-3aef4dc0ccae','a829c378-6f8a-447e-9401-4d2cca04b6c5','user.2','7afe3f9af0bc6f9e948c5a96002781c0',1,1,'eyJhbGciOiJkaXIiLCJlbmMiOiJBMTI4Q0JDLUhTMjU2Iiwia2lkIjoiUmtRYnRGanVkNyIsInZlcnNpb24iOiIxMC4xLjIuMCJ9..4UZ8XBmuJBuJokUNyEhT4w.VuQV3-IdI8EbQFW-SU7N53qSxM_QYnkU-pTb1hGGNKbsS2CwgW6NnpVq03_J5MipPXvkDBK0T40dj8OM8_r7aZ-cZvgb3WwtLuxLKjXDFKGoGmdeCNXo3XTyoiwnbe5oNEqonBgkrMSEzxNCENf9g1nvollayM-r8liIJ2UfPUFp_KvFA7c5SBuWfjEPltVFNDxLS1xzzi7Femg1S8um8On9G72ChZm10HqBj-dISrQSx_eQJEEHrTtKtv-lqLfUdlFXlPv1jJkprYPSJnAfqZLSqZ3Z5W1tYkCBl7wZW3h6KH5glCDxsNcm9Vy-d7So.HlXg4BOb1fns2F3BQ7ddbw','2020-12-16 00:03:19.802000','2020-12-16 00:03:28.599000')
COMMIT
DELETE FROM CHANNEL_USER WHERE CHANNEL=1 AND DSGUID='aa2e1452-81cd-4dc0-8949-3aef4dc0ccae'
INSERT INTO CHANNEL_USER VALUES(1,'aa2e1452-81cd-4dc0-8949-3aef4dc0ccae','a829c378-6f8a-447e-9401-4d2cca04b6c5','user.2','7afe3f9af0bc6f9e948c5a96002781c0',1,0,'eyJhbGciOiJkaXIiLCJlbmMiOiJBMTI4Q0JDLUhTMjU2Iiwia2lkIjoiUmtRYnRGanVkNyIsInZlcnNpb24iOiIxMC4xLjIuMCJ9..4UZ8XBmuJBuJokUNyEhT4w.VuQV3-IdI8EbQFW-SU7N53qSxM_QYnkU-pTb1hGGNKbsS2CwgW6NnpVq03_J5MipPXvkDBK0T40dj8OM8_r7aZ-cZvgb3WwtLuxLKjXDFKGoGmdeCNXo3XTyoiwnbe5oNEqonBgkrMSEzxNCENf9g1nvollayM-r8liIJ2UfPUFp_KvFA7c5SBuWfjEPltVFNDxLS1xzzi7Femg1S8um8On9G72ChZm10HqBj-dISrQSx_eQJEEHrTtKtv-lqLfUdlFXlPv1jJkprYPSJnAfqZLSqZ3Z5W1tYkCBl7wZW3h6KH5glCDxsNcm9Vy-d7So.HlXg4BOb1fns2F3BQ7ddbw','2020-12-16 00:03:19.802000','2020-12-16 00:03:28.600000')
COMMIT
DELETE FROM CHANNEL_USER WHERE CHANNEL=1 AND DSGUID='aa2e1452-81cd-4dc0-8949-3aef4dc0ccae'
INSERT INTO CHANNEL_USER VALUES(1,'aa2e1452-81cd-4dc0-8949-3aef4dc0ccae','a829c378-6f8a-447e-9401-4d2cca04b6c5','user.2','7afe3f9af0bc6f9e948c5a96002781c0',1,0,'eyJhbGciOiJkaXIiLCJlbmMiOiJBMTI4Q0JDLUhTMjU2Iiwia2lkIjoiUmtRYnRGanVkNyIsInZlcnNpb24iOiIxMC4xLjIuMCJ9..7jct_O2_2itrVkeMs0j25g.oKeMAzZD04NJ_oIlIISwJQ.W8C7w6unjuX99WE_Qpp-Fg','2020-12-16 00:03:19.802000','2020-12-16 00:03:28.601000')
COMMIT
DELETE FROM CHANNEL_USER WHERE CHANNEL=1 AND DSGUID='f81a22fe-6675-40a3-93cd-ab7117fc6979'
INSERT INTO CHANNEL_USER VALUES(1,'f81a22fe-6675-40a3-93cd-ab7117fc6979','3d6d6a6e-18a6-4a0f-995d-b0037cb97c15','user.0','bbb8fc2754dcc0989b80687af133b85e',1,1,'eyJhbGciOiJkaXIiLCJlbmMiOiJBMTI4Q0JDLUhTMjU2Iiwia2lkIjoiUmtRYnRGanVkNyIsInZlcnNpb24iOiIxMC4xLjIuMCJ9..-1-bfz4Hi4iOaofeA8EHvA.oY48Kq7lVaMwvFNmBPVRqdaFocfdw-IT-b0cO3A0sjPdfx_cExThIkkj97JAxx26SVBT56V1_AFvwOa3kPFT_9iesgeWsoijjrsJW1YsMN-Np-qbHSiaywoSldS9jT85aAeCZ5ZUwhhi_FaHYEmmF_HCXONgMU2I82gKbYSczNlCmNctaM8abc3PnjAf_lSkn7LBsFKFMPedS9jsNBIiMNPMgDGi_YKZXQ8QKZ6MAyiqHqflfarz6EvfmCsYuUbK_bkylQ1kPdHsidxjRTMH5vZ_KDpFaQgwpJjL6ocJ_SD3RFD57tOIemHM9ELcSQAM.U9gze41lRAD6352MuvoEzA','2020-12-16 00:03:19.795000','2020-12-16 00:03:30.580000')
COMMIT
DELETE FROM CHANNEL_USER WHERE CHANNEL=1 AND DSGUID='f81a22fe-6675-40a3-93cd-ab7117fc6979'
INSERT INTO CHANNEL_USER VALUES(1,'f81a22fe-6675-40a3-93cd-ab7117fc6979','3d6d6a6e-18a6-4a0f-995d-b0037cb97c15','user.0','bbb8fc2754dcc0989b80687af133b85e',1,0,'eyJhbGciOiJkaXIiLCJlbmMiOiJBMTI4Q0JDLUhTMjU2Iiwia2lkIjoiUmtRYnRGanVkNyIsInZlcnNpb24iOiIxMC4xLjIuMCJ9..-1-bfz4Hi4iOaofeA8EHvA.oY48Kq7lVaMwvFNmBPVRqdaFocfdw-IT-b0cO3A0sjPdfx_cExThIkkj97JAxx26SVBT56V1_AFvwOa3kPFT_9iesgeWsoijjrsJW1YsMN-Np-qbHSiaywoSldS9jT85aAeCZ5ZUwhhi_FaHYEmmF_HCXONgMU2I82gKbYSczNlCmNctaM8abc3PnjAf_lSkn7LBsFKFMPedS9jsNBIiMNPMgDGi_YKZXQ8QKZ6MAyiqHqflfarz6EvfmCsYuUbK_bkylQ1kPdHsidxjRTMH5vZ_KDpFaQgwpJjL6ocJ_SD3RFD57tOIemHM9ELcSQAM.U9gze41lRAD6352MuvoEzA','2020-12-16 00:03:19.795000','2020-12-16 00:03:30.581000')
COMMIT
DELETE FROM CHANNEL_USER WHERE CHANNEL=1 AND DSGUID='f81a22fe-6675-40a3-93cd-ab7117fc6979'
INSERT INTO CHANNEL_USER VALUES(1,'f81a22fe-6675-40a3-93cd-ab7117fc6979','3d6d6a6e-18a6-4a0f-995d-b0037cb97c15','user.0','bbb8fc2754dcc0989b80687af133b85e',1,0,'eyJhbGciOiJkaXIiLCJlbmMiOiJBMTI4Q0JDLUhTMjU2Iiwia2lkIjoiUmtRYnRGanVkNyIsInZlcnNpb24iOiIxMC4xLjIuMCJ9..pBAwLh67WSBkpGOhAMoxiQ.nXvyjzO4pzpkPa7IlRLILA.-NZlAqfWo5YOTdLJU69uKg','2020-12-16 00:03:19.795000','2020-12-16 00:03:30.582000')
COMMIT
/*C11*/SET SCHEMA PUBLIC
DISCONNECT
/*C9*/DISCONNECT
/*C10*/DISCONNECT
/*C13*/SET SCHEMA PUBLIC
DISCONNECT
/*C12*/SET SCHEMA PUBLIC
DISCONNECT
/*C14*/SET SCHEMA PUBLIC
DELETE FROM CHANNEL_VARIABLE WHERE CHANNEL=1 AND NAME='attrib_last_timestamp'
COMMIT
DELETE FROM CHANNEL_VARIABLE WHERE CHANNEL=1 AND NAME='identity_mapping_hash'
INSERT INTO CHANNEL_VARIABLE VALUES(1,'identity_mapping_hash','b43e58c599fce393da13ff272e6dfec1')
COMMIT
DELETE FROM CHANNEL_USER WHERE CHANNEL=1 AND DSGUID='f81a22fe-6675-40a3-93cd-ab7117fc6979'
INSERT INTO CHANNEL_USER VALUES(1,'f81a22fe-6675-40a3-93cd-ab7117fc6979','3d6d6a6e-18a6-4a0f-995d-b0037cb97c15','user.0','652b842f0891beb69c9f56dd21a9947c',1,1,'eyJhbGciOiJkaXIiLCJlbmMiOiJBMTI4Q0JDLUhTMjU2Iiwia2lkIjoiUmtRYnRGanVkNyIsInZlcnNpb24iOiIxMC4xLjIuMCJ9..rru0wRUJUGoA4_pw5AJKYA.FnjpIJv5ahATRXtCk8lTJxgAQHPHpPIs2Y_0klsnV277HrWVuKHjtZZrNCpkH4KTksGaSeY25nd4XWKaYbHo6hTcNr0sE2Fu6Rz-dz_kslpexF-NrWZzXUh0Afd5bdtY6E8vAZxL4hyfIqoD6Z11refglyAXmpvANdOAvYEcy5-I9eioUQff095mNdSr52RHQqJFJ3wrzrApSZ28-TKBB0nwieBNcl_Q3YZaXxIFHpOV203pZYyxLLf8BdgUKEXnfVIgaFDD8bnnerw1n9_pQH66PSMpEzwfQ_505jZ42_CzysIg3kk26NOsta52Jcau.uEl4ZQgaQoXmFTo79DQkJw','2020-12-16 00:03:19.795000','2020-12-16 00:20:14.797000')
COMMIT
DELETE FROM CHANNEL_USER WHERE CHANNEL=1 AND DSGUID='6afa6466-8c8c-4fd9-94cc-f03217fb86d3'
INSERT INTO CHANNEL_USER VALUES(1,'6afa6466-8c8c-4fd9-94cc-f03217fb86d3','53957791-cd9e-45e6-86be-bb0633859aea','user.1','45a7a597ccf32a3f2ca428bf6eefa9dc',1,1,'eyJhbGciOiJkaXIiLCJlbmMiOiJBMTI4Q0JDLUhTMjU2Iiwia2lkIjoiUmtRYnRGanVkNyIsInZlcnNpb24iOiIxMC4xLjIuMCJ9..t6R2oy9DXwoD23jXLnAwGA.zFBFSX3ZnfKsLYN4QSvXpe83GM8qc31gHN-8VYr3fgXIitU7l_epgfS_XQemvbaWU6iSbxkPA2ToiYaDmokbbrXS9z-MfYUaYdWkpIQMjJlKzlB4HaGlfpjvFKLbkkK3_8isYYH07a8grweazVr1eo1PpbMZR9KFAU4NnMfcWKr4hkmOEHJp0XwlNbqNlD9QbC4ELNJfUN5lv-4Vmc6xYoXt5VruKGDjbuYb5ZIXkkuuzaZYNKHfvMwBPJaMo_JvcUdc7K41W_vRjq6J5P6AhlTuxzBI5g6l_h3TuLOdZOZafQ_90-a68hpoDZu2_2Ne.ihhIP_RSOs6XkNrJSG6vWQ','2020-12-16 00:03:19.800000','2020-12-16 00:20:14.798000')
COMMIT
DELETE FROM CHANNEL_USER WHERE CHANNEL=1 AND DSGUID='aa2e1452-81cd-4dc0-8949-3aef4dc0ccae'
INSERT INTO CHANNEL_USER VALUES(1,'aa2e1452-81cd-4dc0-8949-3aef4dc0ccae','a829c378-6f8a-447e-9401-4d2cca04b6c5','user.2','97c48cd91c54455064a6302c1b8c55ee',1,1,'eyJhbGciOiJkaXIiLCJlbmMiOiJBMTI4Q0JDLUhTMjU2Iiwia2lkIjoiUmtRYnRGanVkNyIsInZlcnNpb24iOiIxMC4xLjIuMCJ9..xzQCRXpW7W4bcCL6Ws4bAw.xcT_L1sgQqXIKxMNs0nYDy8tX0vyQqxvNG3PhsQKCzreugoy2iN5oZZ3uXh1Jbuq9-WUEYtsN_cSgkVFkMWokskOyefnWxFi3YZTD2MYJCuWvKVWJQHcQ-J9SVe3Qebf7LnJWV2_gNmm1hhrEnnX1-o1tIKyEg77SE60ZJjPjTTl-TcTeoInVq7eHXOASPJ7tz9ybJVggmrPeB5MC9Pf7KMFRlVkWewmWvn3pmjJIYralrJnmqKnF1Vxfzlszp5zik3aOJlWPyZYFhsToz-ceUnP9-oCnAJoBXxnpLXaYFrN-WBa2KOswoGfgLfkDpyH.ZEA1DBrynLhMqEOw_P01Og','2020-12-16 00:03:19.802000','2020-12-16 00:20:14.799000')
COMMIT
DELETE FROM CHANNEL_USER WHERE CHANNEL=1 AND DSGUID='786417fd-19a0-440c-b958-60245feea10f'
INSERT INTO CHANNEL_USER VALUES(1,'786417fd-19a0-440c-b958-60245feea10f','cdd9354d-6a72-4afb-bc82-f2f65d1f68b0','user.3','43e5f3551c9cc8e9b85321a4df752e92',1,1,'eyJhbGciOiJkaXIiLCJlbmMiOiJBMTI4Q0JDLUhTMjU2Iiwia2lkIjoiUmtRYnRGanVkNyIsInZlcnNpb24iOiIxMC4xLjIuMCJ9..BIBdHti_3DT9sS-YhPV75w.Y1-w8zz6lOXdIGpPUR_a8jFeQkuiVW9BdW4S0LL0hvE7PvRx6QDSGwAqHC8Hnjid0EBobKQ542saaGjKbDPPDTw5iuZegK2oein-D4YvVPlu9taJbTpbrk2umjmzHTEzIdiOEs13J2IdtixeUTA_Se4VC23qMTLbHa_S67qOXBz33cXsLKOjVUprAu2Wdbd-BhdLMCsgb2mVMuN3mFhsylWPcLcdqzbLWOiZRu5JFM1HmXzGMztz0AZHmuVF3NjfMMQZcwqWBRctDQZIB52Xjjq4u-cGzW3qDp6gSuabyrs8CKAxSgN66qqAy380_O5I.CYZ3FWZZWd-0N3m9QLo77w','2020-12-16 00:03:19.805000','2020-12-16 00:20:14.800000')
COMMIT
DELETE FROM CHANNEL_USER WHERE CHANNEL=1 AND DSGUID='2a128f2f-2e8c-4959-911c-d9a6a978d184'
INSERT INTO CHANNEL_USER VALUES(1,'2a128f2f-2e8c-4959-911c-d9a6a978d184','bfac74a0-6fc9-4a1d-ba3e-dd76c7c0154d','user.4','8f1fa924d7105acd6f633af3a6152ccd',1,1,'eyJhbGciOiJkaXIiLCJlbmMiOiJBMTI4Q0JDLUhTMjU2Iiwia2lkIjoiUmtRYnRGanVkNyIsInZlcnNpb24iOiIxMC4xLjIuMCJ9..rR0R8wMxnnd5-aRbMI8h3Q.LOgTGSI-mqoOmahHYmzb6fXEo53XZTXlyQzf6knYx0opZcMovupXOjqgxyg0AvXh5tXvvOIj_bdcOzVGt_bw2v4Dwp5ITL-kpgvMC2WqpJSv_iL9CtGiXhQWHdY1KQq1RtIiq4cq4actZ8aQwgyu5W1Fz3UaRS1f9mnGy-nAPDAwDpT-nASZ4UYuSlq8yViNq9_fl3WpRQsRmJfn1wVIGEZA9zNi8Vs8oFXfQ7hO2DK6hBCHe6kLVns2CbN4Rr8Qp3kw45n3-_Q7eazgD-gbFmOsu5I5PqG7GCzM_CMePHvTv-5wRtBrlggo6Sji9Za0.uOm7sj7l3yv-mtWBNaKMHQ','2020-12-16 00:03:19.807000','2020-12-16 00:20:14.801000')
COMMIT
INSERT INTO CHANNEL_VARIABLE VALUES(1,'attrib_last_timestamp','1608076885073')
COMMIT
/*C15*/SET SCHEMA PUBLIC
DELETE FROM CHANNEL_USER WHERE CHANNEL=1 AND DSGUID='2a128f2f-2e8c-4959-911c-d9a6a978d184'
INSERT INTO CHANNEL_USER VALUES(1,'2a128f2f-2e8c-4959-911c-d9a6a978d184','1e0d7c94-3de3-4c5f-8b5c-fd4164e7d0bb','user.4','8f1fa924d7105acd6f633af3a6152ccd',1,1,'eyJhbGciOiJkaXIiLCJlbmMiOiJBMTI4Q0JDLUhTMjU2Iiwia2lkIjoiUmtRYnRGanVkNyIsInZlcnNpb24iOiIxMC4xLjIuMCJ9..rR0R8wMxnnd5-aRbMI8h3Q.LOgTGSI-mqoOmahHYmzb6fXEo53XZTXlyQzf6knYx0opZcMovupXOjqgxyg0AvXh5tXvvOIj_bdcOzVGt_bw2v4Dwp5ITL-kpgvMC2WqpJSv_iL9CtGiXhQWHdY1KQq1RtIiq4cq4actZ8aQwgyu5W1Fz3UaRS1f9mnGy-nAPDAwDpT-nASZ4UYuSlq8yViNq9_fl3WpRQsRmJfn1wVIGEZA9zNi8Vs8oFXfQ7hO2DK6hBCHe6kLVns2CbN4Rr8Qp3kw45n3-_Q7eazgD-gbFmOsu5I5PqG7GCzM_CMePHvTv-5wRtBrlggo6Sji9Za0.uOm7sj7l3yv-mtWBNaKMHQ','2020-12-16 00:03:19.807000','2020-12-16 00:20:17.886000')
COMMIT
DELETE FROM CHANNEL_USER WHERE CHANNEL=1 AND DSGUID='2a128f2f-2e8c-4959-911c-d9a6a978d184'
INSERT INTO CHANNEL_USER VALUES(1,'2a128f2f-2e8c-4959-911c-d9a6a978d184','1e0d7c94-3de3-4c5f-8b5c-fd4164e7d0bb','user.4','8f1fa924d7105acd6f633af3a6152ccd',1,0,'eyJhbGciOiJkaXIiLCJlbmMiOiJBMTI4Q0JDLUhTMjU2Iiwia2lkIjoiUmtRYnRGanVkNyIsInZlcnNpb24iOiIxMC4xLjIuMCJ9..rR0R8wMxnnd5-aRbMI8h3Q.LOgTGSI-mqoOmahHYmzb6fXEo53XZTXlyQzf6knYx0opZcMovupXOjqgxyg0AvXh5tXvvOIj_bdcOzVGt_bw2v4Dwp5ITL-kpgvMC2WqpJSv_iL9CtGiXhQWHdY1KQq1RtIiq4cq4actZ8aQwgyu5W1Fz3UaRS1f9mnGy-nAPDAwDpT-nASZ4UYuSlq8yViNq9_fl3WpRQsRmJfn1wVIGEZA9zNi8Vs8oFXfQ7hO2DK6hBCHe6kLVns2CbN4Rr8Qp3kw45n3-_Q7eazgD-gbFmOsu5I5PqG7GCzM_CMePHvTv-5wRtBrlggo6Sji9Za0.uOm7sj7l3yv-mtWBNaKMHQ','2020-12-16 00:03:19.807000','2020-12-16 00:20:17.887000')
COMMIT
DELETE FROM CHANNEL_USER WHERE CHANNEL=1 AND DSGUID='2a128f2f-2e8c-4959-911c-d9a6a978d184'
INSERT INTO CHANNEL_USER VALUES(1,'2a128f2f-2e8c-4959-911c-d9a6a978d184','1e0d7c94-3de3-4c5f-8b5c-fd4164e7d0bb','user.4','8f1fa924d7105acd6f633af3a6152ccd',1,0,'eyJhbGciOiJkaXIiLCJlbmMiOiJBMTI4Q0JDLUhTMjU2Iiwia2lkIjoiUmtRYnRGanVkNyIsInZlcnNpb24iOiIxMC4xLjIuMCJ9..JNQNxitbR3rxn-MjiJFmqQ.2q3DTNyO1Hh12E0lEFCJkQ.u-0r543DoDiKwSDJM28z7Q','2020-12-16 00:03:19.807000','2020-12-16 00:20:17.888000')
COMMIT
DELETE FROM CHANNEL_USER WHERE CHANNEL=1 AND DSGUID='6afa6466-8c8c-4fd9-94cc-f03217fb86d3'
INSERT INTO CHANNEL_USER VALUES(1,'6afa6466-8c8c-4fd9-94cc-f03217fb86d3','90c2d5b8-eabd-431d-854c-42bd879bee74','user.1','45a7a597ccf32a3f2ca428bf6eefa9dc',1,1,'eyJhbGciOiJkaXIiLCJlbmMiOiJBMTI4Q0JDLUhTMjU2Iiwia2lkIjoiUmtRYnRGanVkNyIsInZlcnNpb24iOiIxMC4xLjIuMCJ9..t6R2oy9DXwoD23jXLnAwGA.zFBFSX3ZnfKsLYN4QSvXpe83GM8qc31gHN-8VYr3fgXIitU7l_epgfS_XQemvbaWU6iSbxkPA2ToiYaDmokbbrXS9z-MfYUaYdWkpIQMjJlKzlB4HaGlfpjvFKLbkkK3_8isYYH07a8grweazVr1eo1PpbMZR9KFAU4NnMfcWKr4hkmOEHJp0XwlNbqNlD9QbC4ELNJfUN5lv-4Vmc6xYoXt5VruKGDjbuYb5ZIXkkuuzaZYNKHfvMwBPJaMo_JvcUdc7K41W_vRjq6J5P6AhlTuxzBI5g6l_h3TuLOdZOZafQ_90-a68hpoDZu2_2Ne.ihhIP_RSOs6XkNrJSG6vWQ','2020-12-16 00:03:19.800000','2020-12-16 00:20:20.118000')
COMMIT
DELETE FROM CHANNEL_USER WHERE CHANNEL=1 AND DSGUID='6afa6466-8c8c-4fd9-94cc-f03217fb86d3'
INSERT INTO CHANNEL_USER VALUES(1,'6afa6466-8c8c-4fd9-94cc-f03217fb86d3','90c2d5b8-eabd-431d-854c-42bd879bee74','user.1','45a7a597ccf32a3f2ca428bf6eefa9dc',1,0,'eyJhbGciOiJkaXIiLCJlbmMiOiJBMTI4Q0JDLUhTMjU2Iiwia2lkIjoiUmtRYnRGanVkNyIsInZlcnNpb24iOiIxMC4xLjIuMCJ9..t6R2oy9DXwoD23jXLnAwGA.zFBFSX3ZnfKsLYN4QSvXpe83GM8qc31gHN-8VYr3fgXIitU7l_epgfS_XQemvbaWU6iSbxkPA2ToiYaDmokbbrXS9z-MfYUaYdWkpIQMjJlKzlB4HaGlfpjvFKLbkkK3_8isYYH07a8grweazVr1eo1PpbMZR9KFAU4NnMfcWKr4hkmOEHJp0XwlNbqNlD9QbC4ELNJfUN5lv-4Vmc6xYoXt5VruKGDjbuYb5ZIXkkuuzaZYNKHfvMwBPJaMo_JvcUdc7K41W_vRjq6J5P6AhlTuxzBI5g6l_h3TuLOdZOZafQ_90-a68hpoDZu2_2Ne.ihhIP_RSOs6XkNrJSG6vWQ','2020-12-16 00:03:19.800000','2020-12-16 00:20:20.119000')
COMMIT
DELETE FROM CHANNEL_USER WHERE CHANNEL=1 AND DSGUID='6afa6466-8c8c-4fd9-94cc-f03217fb86d3'
INSERT INTO CHANNEL_USER VALUES(1,'6afa6466-8c8c-4fd9-94cc-f03217fb86d3','90c2d5b8-eabd-431d-854c-42bd879bee74','user.1','45a7a597ccf32a3f2ca428bf6eefa9dc',1,0,'eyJhbGciOiJkaXIiLCJlbmMiOiJBMTI4Q0JDLUhTMjU2Iiwia2lkIjoiUmtRYnRGanVkNyIsInZlcnNpb24iOiIxMC4xLjIuMCJ9..OATRiMRdpfgmulfUtsLIyg.tcyRuu5uHfQebUSMTA4CKQ.p-nQt5yUAkrPVdVcpySI6w','2020-12-16 00:03:19.800000','2020-12-16 00:20:20.120000')
COMMIT
DELETE FROM CHANNEL_USER WHERE CHANNEL=1 AND DSGUID='786417fd-19a0-440c-b958-60245feea10f'
INSERT INTO CHANNEL_USER VALUES(1,'786417fd-19a0-440c-b958-60245feea10f','b8a5a707-bfba-40b7-8da9-2ad26919fb63','user.3','43e5f3551c9cc8e9b85321a4df752e92',1,1,'eyJhbGciOiJkaXIiLCJlbmMiOiJBMTI4Q0JDLUhTMjU2Iiwia2lkIjoiUmtRYnRGanVkNyIsInZlcnNpb24iOiIxMC4xLjIuMCJ9..BIBdHti_3DT9sS-YhPV75w.Y1-w8zz6lOXdIGpPUR_a8jFeQkuiVW9BdW4S0LL0hvE7PvRx6QDSGwAqHC8Hnjid0EBobKQ542saaGjKbDPPDTw5iuZegK2oein-D4YvVPlu9taJbTpbrk2umjmzHTEzIdiOEs13J2IdtixeUTA_Se4VC23qMTLbHa_S67qOXBz33cXsLKOjVUprAu2Wdbd-BhdLMCsgb2mVMuN3mFhsylWPcLcdqzbLWOiZRu5JFM1HmXzGMztz0AZHmuVF3NjfMMQZcwqWBRctDQZIB52Xjjq4u-cGzW3qDp6gSuabyrs8CKAxSgN66qqAy380_O5I.CYZ3FWZZWd-0N3m9QLo77w','2020-12-16 00:03:19.805000','2020-12-16 00:20:22.145000')
COMMIT
DELETE FROM CHANNEL_USER WHERE CHANNEL=1 AND DSGUID='786417fd-19a0-440c-b958-60245feea10f'
INSERT INTO CHANNEL_USER VALUES(1,'786417fd-19a0-440c-b958-60245feea10f','b8a5a707-bfba-40b7-8da9-2ad26919fb63','user.3','43e5f3551c9cc8e9b85321a4df752e92',1,0,'eyJhbGciOiJkaXIiLCJlbmMiOiJBMTI4Q0JDLUhTMjU2Iiwia2lkIjoiUmtRYnRGanVkNyIsInZlcnNpb24iOiIxMC4xLjIuMCJ9..BIBdHti_3DT9sS-YhPV75w.Y1-w8zz6lOXdIGpPUR_a8jFeQkuiVW9BdW4S0LL0hvE7PvRx6QDSGwAqHC8Hnjid0EBobKQ542saaGjKbDPPDTw5iuZegK2oein-D4YvVPlu9taJbTpbrk2umjmzHTEzIdiOEs13J2IdtixeUTA_Se4VC23qMTLbHa_S67qOXBz33cXsLKOjVUprAu2Wdbd-BhdLMCsgb2mVMuN3mFhsylWPcLcdqzbLWOiZRu5JFM1HmXzGMztz0AZHmuVF3NjfMMQZcwqWBRctDQZIB52Xjjq4u-cGzW3qDp6gSuabyrs8CKAxSgN66qqAy380_O5I.CYZ3FWZZWd-0N3m9QLo77w','2020-12-16 00:03:19.805000','2020-12-16 00:20:22.147000')
COMMIT
DELETE FROM CHANNEL_USER WHERE CHANNEL=1 AND DSGUID='786417fd-19a0-440c-b958-60245feea10f'
INSERT INTO CHANNEL_USER VALUES(1,'786417fd-19a0-440c-b958-60245feea10f','b8a5a707-bfba-40b7-8da9-2ad26919fb63','user.3','43e5f3551c9cc8e9b85321a4df752e92',1,0,'eyJhbGciOiJkaXIiLCJlbmMiOiJBMTI4Q0JDLUhTMjU2Iiwia2lkIjoiUmtRYnRGanVkNyIsInZlcnNpb24iOiIxMC4xLjIuMCJ9..FD5IFlEfz1hbJ6-IdOMf5Q.CwxCc5j0xhO_yzkIjXK8uA.V8FDKFgYEwHEVbm1ERzuZQ','2020-12-16 00:03:19.805000','2020-12-16 00:20:22.147000')
COMMIT
DELETE FROM CHANNEL_USER WHERE CHANNEL=1 AND DSGUID='aa2e1452-81cd-4dc0-8949-3aef4dc0ccae'
INSERT INTO CHANNEL_USER VALUES(1,'aa2e1452-81cd-4dc0-8949-3aef4dc0ccae','ec19741f-6b81-4825-9fd5-933243d04343','user.2','97c48cd91c54455064a6302c1b8c55ee',1,1,'eyJhbGciOiJkaXIiLCJlbmMiOiJBMTI4Q0JDLUhTMjU2Iiwia2lkIjoiUmtRYnRGanVkNyIsInZlcnNpb24iOiIxMC4xLjIuMCJ9..xzQCRXpW7W4bcCL6Ws4bAw.xcT_L1sgQqXIKxMNs0nYDy8tX0vyQqxvNG3PhsQKCzreugoy2iN5oZZ3uXh1Jbuq9-WUEYtsN_cSgkVFkMWokskOyefnWxFi3YZTD2MYJCuWvKVWJQHcQ-J9SVe3Qebf7LnJWV2_gNmm1hhrEnnX1-o1tIKyEg77SE60ZJjPjTTl-TcTeoInVq7eHXOASPJ7tz9ybJVggmrPeB5MC9Pf7KMFRlVkWewmWvn3pmjJIYralrJnmqKnF1Vxfzlszp5zik3aOJlWPyZYFhsToz-ceUnP9-oCnAJoBXxnpLXaYFrN-WBa2KOswoGfgLfkDpyH.ZEA1DBrynLhMqEOw_P01Og','2020-12-16 00:03:19.802000','2020-12-16 00:20:24.487000')
COMMIT
DELETE FROM CHANNEL_USER WHERE CHANNEL=1 AND DSGUID='aa2e1452-81cd-4dc0-8949-3aef4dc0ccae'
INSERT INTO CHANNEL_USER VALUES(1,'aa2e1452-81cd-4dc0-8949-3aef4dc0ccae','ec19741f-6b81-4825-9fd5-933243d04343','user.2','97c48cd91c54455064a6302c1b8c55ee',1,0,'eyJhbGciOiJkaXIiLCJlbmMiOiJBMTI4Q0JDLUhTMjU2Iiwia2lkIjoiUmtRYnRGanVkNyIsInZlcnNpb24iOiIxMC4xLjIuMCJ9..xzQCRXpW7W4bcCL6Ws4bAw.xcT_L1sgQqXIKxMNs0nYDy8tX0vyQqxvNG3PhsQKCzreugoy2iN5oZZ3uXh1Jbuq9-WUEYtsN_cSgkVFkMWokskOyefnWxFi3YZTD2MYJCuWvKVWJQHcQ-J9SVe3Qebf7LnJWV2_gNmm1hhrEnnX1-o1tIKyEg77SE60ZJjPjTTl-TcTeoInVq7eHXOASPJ7tz9ybJVggmrPeB5MC9Pf7KMFRlVkWewmWvn3pmjJIYralrJnmqKnF1Vxfzlszp5zik3aOJlWPyZYFhsToz-ceUnP9-oCnAJoBXxnpLXaYFrN-WBa2KOswoGfgLfkDpyH.ZEA1DBrynLhMqEOw_P01Og','2020-12-16 00:03:19.802000','2020-12-16 00:20:24.488000')
COMMIT
DELETE FROM CHANNEL_USER WHERE CHANNEL=1 AND DSGUID='aa2e1452-81cd-4dc0-8949-3aef4dc0ccae'
INSERT INTO CHANNEL_USER VALUES(1,'aa2e1452-81cd-4dc0-8949-3aef4dc0ccae','ec19741f-6b81-4825-9fd5-933243d04343','user.2','97c48cd91c54455064a6302c1b8c55ee',1,0,'eyJhbGciOiJkaXIiLCJlbmMiOiJBMTI4Q0JDLUhTMjU2Iiwia2lkIjoiUmtRYnRGanVkNyIsInZlcnNpb24iOiIxMC4xLjIuMCJ9..qrhJ3yPgqGtBn5J0BOFeYA.3Qczmd7x662HQagDIWoYJA.f4Au1Odx3aGALpoMVL8pOw','2020-12-16 00:03:19.802000','2020-12-16 00:20:24.488000')
COMMIT
DELETE FROM CHANNEL_USER WHERE CHANNEL=1 AND DSGUID='f81a22fe-6675-40a3-93cd-ab7117fc6979'
INSERT INTO CHANNEL_USER VALUES(1,'f81a22fe-6675-40a3-93cd-ab7117fc6979','b99202f4-783a-4778-8f3e-9c51ceb17a4e','user.0','652b842f0891beb69c9f56dd21a9947c',1,1,'eyJhbGciOiJkaXIiLCJlbmMiOiJBMTI4Q0JDLUhTMjU2Iiwia2lkIjoiUmtRYnRGanVkNyIsInZlcnNpb24iOiIxMC4xLjIuMCJ9..rru0wRUJUGoA4_pw5AJKYA.FnjpIJv5ahATRXtCk8lTJxgAQHPHpPIs2Y_0klsnV277HrWVuKHjtZZrNCpkH4KTksGaSeY25nd4XWKaYbHo6hTcNr0sE2Fu6Rz-dz_kslpexF-NrWZzXUh0Afd5bdtY6E8vAZxL4hyfIqoD6Z11refglyAXmpvANdOAvYEcy5-I9eioUQff095mNdSr52RHQqJFJ3wrzrApSZ28-TKBB0nwieBNcl_Q3YZaXxIFHpOV203pZYyxLLf8BdgUKEXnfVIgaFDD8bnnerw1n9_pQH66PSMpEzwfQ_505jZ42_CzysIg3kk26NOsta52Jcau.uEl4ZQgaQoXmFTo79DQkJw','2020-12-16 00:03:19.795000','2020-12-16 00:20:26.729000')
COMMIT
DELETE FROM CHANNEL_USER WHERE CHANNEL=1 AND DSGUID='f81a22fe-6675-40a3-93cd-ab7117fc6979'
INSERT INTO CHANNEL_USER VALUES(1,'f81a22fe-6675-40a3-93cd-ab7117fc6979','b99202f4-783a-4778-8f3e-9c51ceb17a4e','user.0','652b842f0891beb69c9f56dd21a9947c',1,0,'eyJhbGciOiJkaXIiLCJlbmMiOiJBMTI4Q0JDLUhTMjU2Iiwia2lkIjoiUmtRYnRGanVkNyIsInZlcnNpb24iOiIxMC4xLjIuMCJ9..rru0wRUJUGoA4_pw5AJKYA.FnjpIJv5ahATRXtCk8lTJxgAQHPHpPIs2Y_0klsnV277HrWVuKHjtZZrNCpkH4KTksGaSeY25nd4XWKaYbHo6hTcNr0sE2Fu6Rz-dz_kslpexF-NrWZzXUh0Afd5bdtY6E8vAZxL4hyfIqoD6Z11refglyAXmpvANdOAvYEcy5-I9eioUQff095mNdSr52RHQqJFJ3wrzrApSZ28-TKBB0nwieBNcl_Q3YZaXxIFHpOV203pZYyxLLf8BdgUKEXnfVIgaFDD8bnnerw1n9_pQH66PSMpEzwfQ_505jZ42_CzysIg3kk26NOsta52Jcau.uEl4ZQgaQoXmFTo79DQkJw','2020-12-16 00:03:19.795000','2020-12-16 00:20:26.730000')
COMMIT
DELETE FROM CHANNEL_USER WHERE CHANNEL=1 AND DSGUID='f81a22fe-6675-40a3-93cd-ab7117fc6979'
INSERT INTO CHANNEL_USER VALUES(1,'f81a22fe-6675-40a3-93cd-ab7117fc6979','b99202f4-783a-4778-8f3e-9c51ceb17a4e','user.0','652b842f0891beb69c9f56dd21a9947c',1,0,'eyJhbGciOiJkaXIiLCJlbmMiOiJBMTI4Q0JDLUhTMjU2Iiwia2lkIjoiUmtRYnRGanVkNyIsInZlcnNpb24iOiIxMC4xLjIuMCJ9..2dN2x8MdSUZwCuPSvM2Dlw.pRHLZ9WEmVOtszzGPgvoQw.eHQOHDFeyzaxQA2JruU8vA','2020-12-16 00:03:19.795000','2020-12-16 00:20:26.731000')
COMMIT
/*C16*/SET SCHEMA PUBLIC
DISCONNECT
/*C14*/DISCONNECT
/*C15*/DISCONNECT
/*C18*/SET SCHEMA PUBLIC
DISCONNECT
/*C17*/SET SCHEMA PUBLIC
DISCONNECT
/*C20*/SET SCHEMA PUBLIC
DISCONNECT
/*C19*/SET SCHEMA PUBLIC
DISCONNECT
/*C22*/SET SCHEMA PUBLIC
DISCONNECT
/*C21*/SET SCHEMA PUBLIC
DISCONNECT
/*C24*/SET SCHEMA PUBLIC
DISCONNECT
/*C23*/SET SCHEMA PUBLIC
DISCONNECT
/*C26*/SET SCHEMA PUBLIC
DISCONNECT
/*C25*/SET SCHEMA PUBLIC
DISCONNECT
/*C28*/SET SCHEMA PUBLIC
DISCONNECT
/*C27*/SET SCHEMA PUBLIC
DISCONNECT
/*C30*/SET SCHEMA PUBLIC
DISCONNECT
/*C29*/SET SCHEMA PUBLIC
DISCONNECT
/*C32*/SET SCHEMA PUBLIC
DISCONNECT
/*C31*/SET SCHEMA PUBLIC
DISCONNECT
/*C34*/SET SCHEMA PUBLIC
DISCONNECT
/*C33*/SET SCHEMA PUBLIC
DISCONNECT
/*C36*/SET SCHEMA PUBLIC
DISCONNECT
/*C35*/SET SCHEMA PUBLIC
DISCONNECT
/*C38*/SET SCHEMA PUBLIC
DISCONNECT
/*C37*/SET SCHEMA PUBLIC
DISCONNECT
/*C40*/SET SCHEMA PUBLIC
DISCONNECT
/*C39*/SET SCHEMA PUBLIC
DISCONNECT
/*C42*/SET SCHEMA PUBLIC
DISCONNECT
/*C41*/SET SCHEMA PUBLIC
DISCONNECT
/*C44*/SET SCHEMA PUBLIC
DISCONNECT
/*C43*/SET SCHEMA PUBLIC
DISCONNECT
/*C45*/SET SCHEMA PUBLIC
INSERT INTO CHANNEL_USER VALUES(1,'434e8a04-b789-4db2-8072-ad90cb4ec51e',NULL,'user.100','14b513b3dadaeba71f6afe777c410e2d',1,1,'eyJhbGciOiJkaXIiLCJlbmMiOiJBMTI4Q0JDLUhTMjU2Iiwia2lkIjoiUmtRYnRGanVkNyIsInZlcnNpb24iOiIxMC4xLjIuMCJ9..uKwsjsG0MIxj0WH0Ac7cew.P206zBRbItrmtXYQ_8kyDX1jdv78DdOh3-l1RmgsdgQwj4JZsHIzRTp7FQ64i6vxV51iXcT-BbY5a69SA9EpAs-lz0AQxjkZ1zTNW6v42FLkOftPe4lsQk4d74mhrUflIqsFFA4Iu1OVIDdCuLPWTw04_ezY3EAHmJBskmyvDDhris9VxM2oxOoMXxlYyrF5v0_AFe7EOspYhWNbJgfwLF-W65jqXH13-sc_bT7tVWegfinPryaX4J7Fmke9Zcj44SqRREvOaAuTph6P9NmV4Y20XtuKYJKwl2oTTq68zoGxp8VKc6KvqAgAgUFgrsX1TTRbVEDig51oMKhf_uAqcQ.OUbT0eTdTFs-gHUjhXqkCw','2020-12-16 05:55:30.028000','2020-12-16 05:55:30.028000')
COMMIT
DELETE FROM CHANNEL_VARIABLE WHERE CHANNEL=1 AND NAME='attrib_last_timestamp'
INSERT INTO CHANNEL_VARIABLE VALUES(1,'attrib_last_timestamp','1608098090842')
COMMIT
/*C46*/SET SCHEMA PUBLIC
DELETE FROM CHANNEL_USER WHERE CHANNEL=1 AND DSGUID='434e8a04-b789-4db2-8072-ad90cb4ec51e'
INSERT INTO CHANNEL_USER VALUES(1,'434e8a04-b789-4db2-8072-ad90cb4ec51e','5895e1d3-032e-4bd3-9a15-446217f597e8','user.100','14b513b3dadaeba71f6afe777c410e2d',1,1,'eyJhbGciOiJkaXIiLCJlbmMiOiJBMTI4Q0JDLUhTMjU2Iiwia2lkIjoiUmtRYnRGanVkNyIsInZlcnNpb24iOiIxMC4xLjIuMCJ9..uKwsjsG0MIxj0WH0Ac7cew.P206zBRbItrmtXYQ_8kyDX1jdv78DdOh3-l1RmgsdgQwj4JZsHIzRTp7FQ64i6vxV51iXcT-BbY5a69SA9EpAs-lz0AQxjkZ1zTNW6v42FLkOftPe4lsQk4d74mhrUflIqsFFA4Iu1OVIDdCuLPWTw04_ezY3EAHmJBskmyvDDhris9VxM2oxOoMXxlYyrF5v0_AFe7EOspYhWNbJgfwLF-W65jqXH13-sc_bT7tVWegfinPryaX4J7Fmke9Zcj44SqRREvOaAuTph6P9NmV4Y20XtuKYJKwl2oTTq68zoGxp8VKc6KvqAgAgUFgrsX1TTRbVEDig51oMKhf_uAqcQ.OUbT0eTdTFs-gHUjhXqkCw','2020-12-16 05:55:30.028000','2020-12-16 05:55:32.567000')
COMMIT
DELETE FROM CHANNEL_USER WHERE CHANNEL=1 AND DSGUID='434e8a04-b789-4db2-8072-ad90cb4ec51e'
INSERT INTO CHANNEL_USER VALUES(1,'434e8a04-b789-4db2-8072-ad90cb4ec51e','5895e1d3-032e-4bd3-9a15-446217f597e8','user.100','14b513b3dadaeba71f6afe777c410e2d',1,0,'eyJhbGciOiJkaXIiLCJlbmMiOiJBMTI4Q0JDLUhTMjU2Iiwia2lkIjoiUmtRYnRGanVkNyIsInZlcnNpb24iOiIxMC4xLjIuMCJ9..uKwsjsG0MIxj0WH0Ac7cew.P206zBRbItrmtXYQ_8kyDX1jdv78DdOh3-l1RmgsdgQwj4JZsHIzRTp7FQ64i6vxV51iXcT-BbY5a69SA9EpAs-lz0AQxjkZ1zTNW6v42FLkOftPe4lsQk4d74mhrUflIqsFFA4Iu1OVIDdCuLPWTw04_ezY3EAHmJBskmyvDDhris9VxM2oxOoMXxlYyrF5v0_AFe7EOspYhWNbJgfwLF-W65jqXH13-sc_bT7tVWegfinPryaX4J7Fmke9Zcj44SqRREvOaAuTph6P9NmV4Y20XtuKYJKwl2oTTq68zoGxp8VKc6KvqAgAgUFgrsX1TTRbVEDig51oMKhf_uAqcQ.OUbT0eTdTFs-gHUjhXqkCw','2020-12-16 05:55:30.028000','2020-12-16 05:55:32.569000')
COMMIT
DELETE FROM CHANNEL_USER WHERE CHANNEL=1 AND DSGUID='434e8a04-b789-4db2-8072-ad90cb4ec51e'
INSERT INTO CHANNEL_USER VALUES(1,'434e8a04-b789-4db2-8072-ad90cb4ec51e','5895e1d3-032e-4bd3-9a15-446217f597e8','user.100','14b513b3dadaeba71f6afe777c410e2d',1,0,'eyJhbGciOiJkaXIiLCJlbmMiOiJBMTI4Q0JDLUhTMjU2Iiwia2lkIjoiUmtRYnRGanVkNyIsInZlcnNpb24iOiIxMC4xLjIuMCJ9..1Ij7El78cOcKh23Q1JrROA.JFIElqi4TcCrChtZW7B-rQ.2VTFmtjaGr_cqOrZaamaoQ','2020-12-16 05:55:30.028000','2020-12-16 05:55:32.569000')
COMMIT
/*C45*/DELETE FROM CHANNEL_USER WHERE CHANNEL=1 AND DSGUID='434e8a04-b789-4db2-8072-ad90cb4ec51e'
INSERT INTO CHANNEL_USER VALUES(1,'434e8a04-b789-4db2-8072-ad90cb4ec51e','5895e1d3-032e-4bd3-9a15-446217f597e8','user.100','5bbd0464afe1c21536ae94f2477be9d6',0,1,'eyJhbGciOiJkaXIiLCJlbmMiOiJBMTI4Q0JDLUhTMjU2Iiwia2lkIjoiUmtRYnRGanVkNyIsInZlcnNpb24iOiIxMC4xLjIuMCJ9..y70006V1mK_9-0-5YVPsNg.5ZZptCUDjdA5N4UMEFux3LrLtFKKvYPvD8ecA0aPhfUxJ28odLzNnY07ygqDEw0A.CO9TNAX8t2QWTzhJXO5m0Q','2020-12-16 05:55:30.028000','2020-12-16 06:09:30.031000')
COMMIT
/*C46*/DELETE FROM CHANNEL_USER WHERE CHANNEL=1 AND DSGUID='434e8a04-b789-4db2-8072-ad90cb4ec51e'
INSERT INTO CHANNEL_USER VALUES(1,'434e8a04-b789-4db2-8072-ad90cb4ec51e','5895e1d3-032e-4bd3-9a15-446217f597e8','user.100','5bbd0464afe1c21536ae94f2477be9d6',0,1,'eyJhbGciOiJkaXIiLCJlbmMiOiJBMTI4Q0JDLUhTMjU2Iiwia2lkIjoiUmtRYnRGanVkNyIsInZlcnNpb24iOiIxMC4xLjIuMCJ9..y70006V1mK_9-0-5YVPsNg.5ZZptCUDjdA5N4UMEFux3LrLtFKKvYPvD8ecA0aPhfUxJ28odLzNnY07ygqDEw0A.CO9TNAX8t2QWTzhJXO5m0Q','2020-12-16 05:55:30.028000','2020-12-16 06:10:32.628000')
COMMIT
DELETE FROM CHANNEL_USER WHERE CHANNEL=1 AND DSGUID='434e8a04-b789-4db2-8072-ad90cb4ec51e'
INSERT INTO CHANNEL_USER VALUES(1,'434e8a04-b789-4db2-8072-ad90cb4ec51e','5895e1d3-032e-4bd3-9a15-446217f597e8','user.100','5bbd0464afe1c21536ae94f2477be9d6',0,0,'eyJhbGciOiJkaXIiLCJlbmMiOiJBMTI4Q0JDLUhTMjU2Iiwia2lkIjoiUmtRYnRGanVkNyIsInZlcnNpb24iOiIxMC4xLjIuMCJ9..y70006V1mK_9-0-5YVPsNg.5ZZptCUDjdA5N4UMEFux3LrLtFKKvYPvD8ecA0aPhfUxJ28odLzNnY07ygqDEw0A.CO9TNAX8t2QWTzhJXO5m0Q','2020-12-16 05:55:30.028000','2020-12-16 06:10:32.629000')
COMMIT
DELETE FROM CHANNEL_USER WHERE CHANNEL=1 AND DSGUID='434e8a04-b789-4db2-8072-ad90cb4ec51e'
INSERT INTO CHANNEL_USER VALUES(1,'434e8a04-b789-4db2-8072-ad90cb4ec51e','5895e1d3-032e-4bd3-9a15-446217f597e8','user.100','5bbd0464afe1c21536ae94f2477be9d6',0,0,'eyJhbGciOiJkaXIiLCJlbmMiOiJBMTI4Q0JDLUhTMjU2Iiwia2lkIjoiUmtRYnRGanVkNyIsInZlcnNpb24iOiIxMC4xLjIuMCJ9..OijMfVckYZBaa-gyxkXMIw.b8xNsN7xwrO9MQdnHbS_hQ.8_iWH3abA1m5XWFIvYYPpQ','2020-12-16 05:55:30.028000','2020-12-16 06:10:32.630000')
COMMIT
/*C45*/DELETE FROM CHANNEL_USER WHERE CHANNEL=1 AND DSGUID='434e8a04-b789-4db2-8072-ad90cb4ec51e'
COMMIT
/*C47*/SET SCHEMA PUBLIC
DISCONNECT
/*C45*/DISCONNECT
/*C46*/DISCONNECT
/*C49*/SET SCHEMA PUBLIC
DISCONNECT
/*C48*/SET SCHEMA PUBLIC
DISCONNECT
/*C51*/SET SCHEMA PUBLIC
DISCONNECT
/*C50*/SET SCHEMA PUBLIC
DISCONNECT
/*C53*/SET SCHEMA PUBLIC
DISCONNECT
/*C52*/SET SCHEMA PUBLIC
DISCONNECT
/*C55*/SET SCHEMA PUBLIC
DISCONNECT
/*C54*/SET SCHEMA PUBLIC
DISCONNECT
/*C57*/SET SCHEMA PUBLIC
DISCONNECT
/*C56*/SET SCHEMA PUBLIC
DISCONNECT
/*C59*/SET SCHEMA PUBLIC
DISCONNECT
/*C58*/SET SCHEMA PUBLIC
DISCONNECT
/*C61*/SET SCHEMA PUBLIC
DISCONNECT
/*C60*/SET SCHEMA PUBLIC
DISCONNECT
/*C63*/SET SCHEMA PUBLIC
DISCONNECT
/*C62*/SET SCHEMA PUBLIC
DISCONNECT
/*C65*/SET SCHEMA PUBLIC
DISCONNECT
/*C64*/SET SCHEMA PUBLIC
DISCONNECT
/*C67*/SET SCHEMA PUBLIC
DISCONNECT
/*C66*/SET SCHEMA PUBLIC
DISCONNECT
/*C69*/SET SCHEMA PUBLIC
DISCONNECT
/*C68*/SET SCHEMA PUBLIC
DISCONNECT
/*C71*/SET SCHEMA PUBLIC
DISCONNECT
/*C70*/SET SCHEMA PUBLIC
DISCONNECT
/*C73*/SET SCHEMA PUBLIC
DISCONNECT
/*C72*/SET SCHEMA PUBLIC
DISCONNECT
/*C74*/SET SCHEMA PUBLIC
DELETE FROM CHANNEL_USER WHERE CHANNEL=1 AND DSGUID='f81a22fe-6675-40a3-93cd-ab7117fc6979'
INSERT INTO CHANNEL_USER VALUES(1,'f81a22fe-6675-40a3-93cd-ab7117fc6979','b99202f4-783a-4778-8f3e-9c51ceb17a4e','user.0','91a37b5c983ad1cb5b55f17043aa26aa',1,1,'eyJhbGciOiJkaXIiLCJlbmMiOiJBMTI4Q0JDLUhTMjU2Iiwia2lkIjoiUmtRYnRGanVkNyIsInZlcnNpb24iOiIxMC4xLjIuMCJ9..4XpzFiIQSkxmVSGGkAkLmg.He7X1NBmSNj7gjgQN7QE7q2FEIvraR5rAW-uTo4gxJHzMAg8KXrowkb69LmRbx5bh2VKztUyfFinRKM-wBchmmJvAHyTHj-hS3M55_S76gQdeNaNjmrH7r-D_aRK4oc7Ux7gnVR4G7gebr4lLP_MPcatTrhPWtU0t1DugKAIitCV5aF8cZ4xOpw4qhKQ_L3Gk7lb16OmyOrELh3V3UxZO2mVjnKWINmTrD6FonmvHfRLHe2FcmYdpvfG9uDDpY20-zjJu_qqshpTnSKMj2Lh9O9RUzDUCVIYzMBSxs78hNzswORFaD0iVZjk7sKZt5hxs91aIXLluYGHlo0usqJSAA.QjV1bn2vdoyszZPW-rpsGA','2020-12-16 00:03:19.795000','2020-12-21 04:38:10.614000')
COMMIT
DELETE FROM CHANNEL_VARIABLE WHERE CHANNEL=1 AND NAME='attrib_last_timestamp'
INSERT INTO CHANNEL_VARIABLE VALUES(1,'attrib_last_timestamp','1608525437721')
COMMIT
/*C75*/SET SCHEMA PUBLIC
DELETE FROM CHANNEL_USER WHERE CHANNEL=1 AND DSGUID='f81a22fe-6675-40a3-93cd-ab7117fc6979'
INSERT INTO CHANNEL_USER VALUES(1,'f81a22fe-6675-40a3-93cd-ab7117fc6979','b99202f4-783a-4778-8f3e-9c51ceb17a4e','user.0','91a37b5c983ad1cb5b55f17043aa26aa',1,1,'eyJhbGciOiJkaXIiLCJlbmMiOiJBMTI4Q0JDLUhTMjU2Iiwia2lkIjoiUmtRYnRGanVkNyIsInZlcnNpb24iOiIxMC4xLjIuMCJ9..4XpzFiIQSkxmVSGGkAkLmg.He7X1NBmSNj7gjgQN7QE7q2FEIvraR5rAW-uTo4gxJHzMAg8KXrowkb69LmRbx5bh2VKztUyfFinRKM-wBchmmJvAHyTHj-hS3M55_S76gQdeNaNjmrH7r-D_aRK4oc7Ux7gnVR4G7gebr4lLP_MPcatTrhPWtU0t1DugKAIitCV5aF8cZ4xOpw4qhKQ_L3Gk7lb16OmyOrELh3V3UxZO2mVjnKWINmTrD6FonmvHfRLHe2FcmYdpvfG9uDDpY20-zjJu_qqshpTnSKMj2Lh9O9RUzDUCVIYzMBSxs78hNzswORFaD0iVZjk7sKZt5hxs91aIXLluYGHlo0usqJSAA.QjV1bn2vdoyszZPW-rpsGA','2020-12-16 00:03:19.795000','2020-12-21 04:38:13.197000')
COMMIT
DELETE FROM CHANNEL_USER WHERE CHANNEL=1 AND DSGUID='f81a22fe-6675-40a3-93cd-ab7117fc6979'
INSERT INTO CHANNEL_USER VALUES(1,'f81a22fe-6675-40a3-93cd-ab7117fc6979','b99202f4-783a-4778-8f3e-9c51ceb17a4e','user.0','91a37b5c983ad1cb5b55f17043aa26aa',1,0,'eyJhbGciOiJkaXIiLCJlbmMiOiJBMTI4Q0JDLUhTMjU2Iiwia2lkIjoiUmtRYnRGanVkNyIsInZlcnNpb24iOiIxMC4xLjIuMCJ9..4XpzFiIQSkxmVSGGkAkLmg.He7X1NBmSNj7gjgQN7QE7q2FEIvraR5rAW-uTo4gxJHzMAg8KXrowkb69LmRbx5bh2VKztUyfFinRKM-wBchmmJvAHyTHj-hS3M55_S76gQdeNaNjmrH7r-D_aRK4oc7Ux7gnVR4G7gebr4lLP_MPcatTrhPWtU0t1DugKAIitCV5aF8cZ4xOpw4qhKQ_L3Gk7lb16OmyOrELh3V3UxZO2mVjnKWINmTrD6FonmvHfRLHe2FcmYdpvfG9uDDpY20-zjJu_qqshpTnSKMj2Lh9O9RUzDUCVIYzMBSxs78hNzswORFaD0iVZjk7sKZt5hxs91aIXLluYGHlo0usqJSAA.QjV1bn2vdoyszZPW-rpsGA','2020-12-16 00:03:19.795000','2020-12-21 04:38:13.198000')
COMMIT
DELETE FROM CHANNEL_USER WHERE CHANNEL=1 AND DSGUID='f81a22fe-6675-40a3-93cd-ab7117fc6979'
INSERT INTO CHANNEL_USER VALUES(1,'f81a22fe-6675-40a3-93cd-ab7117fc6979','b99202f4-783a-4778-8f3e-9c51ceb17a4e','user.0','91a37b5c983ad1cb5b55f17043aa26aa',1,0,'eyJhbGciOiJkaXIiLCJlbmMiOiJBMTI4Q0JDLUhTMjU2Iiwia2lkIjoiUmtRYnRGanVkNyIsInZlcnNpb24iOiIxMC4xLjIuMCJ9..9-2C3gws3V2mLmMnaJCr5w.DT071f4OC8P5K1_ETBI2_g.Jl8en5rrPOPghn9LRscDTA','2020-12-16 00:03:19.795000','2020-12-21 04:38:13.199000')
COMMIT
/*C74*/INSERT INTO CHANNEL_USER VALUES(1,'1f139cb4-b374-45d0-b961-f537109f3397',NULL,'user.10','c6674fb37cfdc7e0e7b74379f033b9c5',1,1,'eyJhbGciOiJkaXIiLCJlbmMiOiJBMTI4Q0JDLUhTMjU2Iiwia2lkIjoiUmtRYnRGanVkNyIsInZlcnNpb24iOiIxMC4xLjIuMCJ9..4s-OcvAwaSga7qcFL0rSIg.m8kZYUzRMrFrGr3EONvEIz5T2ZDpNFoDpFsC2Qr-wq_ouf3FLZ0JstBSePn7A3_CHskMYLT_ybMXvkXKsrfnOlPmCo7ALIlS4JxvC_5MS2ZPZYmjncPELq2U8cnBr_Q3vmy25YKGABmBc63j9tykG7OxGlNHXzJGhOY8uDVID0SzrJ5gmj6GsrGEPgkFbAdFYLYRkuIuma0KEO1pMd5MyfUqd_ObXb1f9geQGM3a220d2pyATrKQHipYFKmexQw_pwM4ZDCO2QlGtRzcPeo0o3Nl7m2r5JlXs7MNsXWaVNNYh2p1AfK1wSitZxz6w7rLLhcESYhojVPH-btmhBrSYw.7ImOXSMjnvYA18lsIIWB5A','2020-12-21 04:58:10.612000','2020-12-21 04:58:10.612000')
COMMIT
DELETE FROM CHANNEL_VARIABLE WHERE CHANNEL=1 AND NAME='attrib_last_timestamp'
INSERT INTO CHANNEL_VARIABLE VALUES(1,'attrib_last_timestamp','1608526662631')
COMMIT
/*C75*/DELETE FROM CHANNEL_USER WHERE CHANNEL=1 AND DSGUID='1f139cb4-b374-45d0-b961-f537109f3397'
INSERT INTO CHANNEL_USER VALUES(1,'1f139cb4-b374-45d0-b961-f537109f3397','53ff2f3a-663c-4b4e-8cea-9bdac4e3315b','user.10','c6674fb37cfdc7e0e7b74379f033b9c5',1,1,'eyJhbGciOiJkaXIiLCJlbmMiOiJBMTI4Q0JDLUhTMjU2Iiwia2lkIjoiUmtRYnRGanVkNyIsInZlcnNpb24iOiIxMC4xLjIuMCJ9..4s-OcvAwaSga7qcFL0rSIg.m8kZYUzRMrFrGr3EONvEIz5T2ZDpNFoDpFsC2Qr-wq_ouf3FLZ0JstBSePn7A3_CHskMYLT_ybMXvkXKsrfnOlPmCo7ALIlS4JxvC_5MS2ZPZYmjncPELq2U8cnBr_Q3vmy25YKGABmBc63j9tykG7OxGlNHXzJGhOY8uDVID0SzrJ5gmj6GsrGEPgkFbAdFYLYRkuIuma0KEO1pMd5MyfUqd_ObXb1f9geQGM3a220d2pyATrKQHipYFKmexQw_pwM4ZDCO2QlGtRzcPeo0o3Nl7m2r5JlXs7MNsXWaVNNYh2p1AfK1wSitZxz6w7rLLhcESYhojVPH-btmhBrSYw.7ImOXSMjnvYA18lsIIWB5A','2020-12-21 04:58:10.612000','2020-12-21 04:58:12.856000')
COMMIT
DELETE FROM CHANNEL_USER WHERE CHANNEL=1 AND DSGUID='1f139cb4-b374-45d0-b961-f537109f3397'
INSERT INTO CHANNEL_USER VALUES(1,'1f139cb4-b374-45d0-b961-f537109f3397','53ff2f3a-663c-4b4e-8cea-9bdac4e3315b','user.10','c6674fb37cfdc7e0e7b74379f033b9c5',1,0,'eyJhbGciOiJkaXIiLCJlbmMiOiJBMTI4Q0JDLUhTMjU2Iiwia2lkIjoiUmtRYnRGanVkNyIsInZlcnNpb24iOiIxMC4xLjIuMCJ9..4s-OcvAwaSga7qcFL0rSIg.m8kZYUzRMrFrGr3EONvEIz5T2ZDpNFoDpFsC2Qr-wq_ouf3FLZ0JstBSePn7A3_CHskMYLT_ybMXvkXKsrfnOlPmCo7ALIlS4JxvC_5MS2ZPZYmjncPELq2U8cnBr_Q3vmy25YKGABmBc63j9tykG7OxGlNHXzJGhOY8uDVID0SzrJ5gmj6GsrGEPgkFbAdFYLYRkuIuma0KEO1pMd5MyfUqd_ObXb1f9geQGM3a220d2pyATrKQHipYFKmexQw_pwM4ZDCO2QlGtRzcPeo0o3Nl7m2r5JlXs7MNsXWaVNNYh2p1AfK1wSitZxz6w7rLLhcESYhojVPH-btmhBrSYw.7ImOXSMjnvYA18lsIIWB5A','2020-12-21 04:58:10.612000','2020-12-21 04:58:12.858000')
COMMIT
DELETE FROM CHANNEL_USER WHERE CHANNEL=1 AND DSGUID='1f139cb4-b374-45d0-b961-f537109f3397'
INSERT INTO CHANNEL_USER VALUES(1,'1f139cb4-b374-45d0-b961-f537109f3397','53ff2f3a-663c-4b4e-8cea-9bdac4e3315b','user.10','c6674fb37cfdc7e0e7b74379f033b9c5',1,0,'eyJhbGciOiJkaXIiLCJlbmMiOiJBMTI4Q0JDLUhTMjU2Iiwia2lkIjoiUmtRYnRGanVkNyIsInZlcnNpb24iOiIxMC4xLjIuMCJ9..ZXT7wqvNuaVPIlOwEQIuCQ.p51mhCYDVPMdm-GilrBwLA.fbRVIK2Q_C7RjIC-y2mHpA','2020-12-21 04:58:10.612000','2020-12-21 04:58:12.858000')
COMMIT
/*C76*/SET SCHEMA PUBLIC
DISCONNECT
/*C74*/DISCONNECT
/*C75*/DISCONNECT
/*C78*/SET SCHEMA PUBLIC
DISCONNECT
/*C77*/SET SCHEMA PUBLIC
DISCONNECT
/*C80*/SET SCHEMA PUBLIC
DISCONNECT
/*C79*/SET SCHEMA PUBLIC
DISCONNECT
/*C82*/SET SCHEMA PUBLIC
DISCONNECT
/*C81*/SET SCHEMA PUBLIC
DISCONNECT
/*C84*/SET SCHEMA PUBLIC
DISCONNECT
/*C83*/SET SCHEMA PUBLIC
DISCONNECT
/*C86*/SET SCHEMA PUBLIC
DISCONNECT
/*C85*/SET SCHEMA PUBLIC
DISCONNECT
/*C88*/SET SCHEMA PUBLIC
DISCONNECT
/*C87*/SET SCHEMA PUBLIC
DISCONNECT
/*C90*/SET SCHEMA PUBLIC
DISCONNECT
/*C89*/SET SCHEMA PUBLIC
DISCONNECT
/*C92*/SET SCHEMA PUBLIC
DISCONNECT
/*C91*/SET SCHEMA PUBLIC
DISCONNECT
/*C94*/SET SCHEMA PUBLIC
DISCONNECT
/*C93*/SET SCHEMA PUBLIC
DISCONNECT
/*C96*/SET SCHEMA PUBLIC
DISCONNECT
/*C95*/SET SCHEMA PUBLIC
DISCONNECT
/*C98*/SET SCHEMA PUBLIC
DISCONNECT
/*C97*/SET SCHEMA PUBLIC
DISCONNECT
/*C100*/SET SCHEMA PUBLIC
DISCONNECT
/*C99*/SET SCHEMA PUBLIC
DISCONNECT
/*C102*/SET SCHEMA PUBLIC
DISCONNECT
/*C101*/SET SCHEMA PUBLIC
DISCONNECT
/*C104*/SET SCHEMA PUBLIC
DISCONNECT
/*C103*/SET SCHEMA PUBLIC
DISCONNECT
/*C106*/SET SCHEMA PUBLIC
DISCONNECT
/*C105*/SET SCHEMA PUBLIC
DISCONNECT
/*C108*/SET SCHEMA PUBLIC
DISCONNECT
/*C107*/SET SCHEMA PUBLIC
DISCONNECT
/*C110*/SET SCHEMA PUBLIC
DISCONNECT
/*C109*/SET SCHEMA PUBLIC
DISCONNECT
/*C112*/SET SCHEMA PUBLIC
DISCONNECT
/*C111*/SET SCHEMA PUBLIC
DISCONNECT
/*C114*/SET SCHEMA PUBLIC
DISCONNECT
/*C113*/SET SCHEMA PUBLIC
DISCONNECT
/*C116*/SET SCHEMA PUBLIC
DISCONNECT
/*C115*/SET SCHEMA PUBLIC
DISCONNECT
/*C118*/SET SCHEMA PUBLIC
DISCONNECT
/*C117*/SET SCHEMA PUBLIC
DISCONNECT
/*C120*/SET SCHEMA PUBLIC
DISCONNECT
/*C119*/SET SCHEMA PUBLIC
DISCONNECT
/*C122*/SET SCHEMA PUBLIC
DISCONNECT
/*C121*/SET SCHEMA PUBLIC
DISCONNECT
/*C124*/SET SCHEMA PUBLIC
DISCONNECT
/*C123*/SET SCHEMA PUBLIC
DISCONNECT
/*C126*/SET SCHEMA PUBLIC
DISCONNECT
/*C125*/SET SCHEMA PUBLIC
DISCONNECT
/*C128*/SET SCHEMA PUBLIC
DISCONNECT
/*C127*/SET SCHEMA PUBLIC
DISCONNECT
/*C130*/SET SCHEMA PUBLIC
DISCONNECT
/*C129*/SET SCHEMA PUBLIC
DISCONNECT
/*C132*/SET SCHEMA PUBLIC
DISCONNECT
/*C131*/SET SCHEMA PUBLIC
DISCONNECT
/*C134*/SET SCHEMA PUBLIC
DISCONNECT
/*C133*/SET SCHEMA PUBLIC
DISCONNECT
/*C136*/SET SCHEMA PUBLIC
DISCONNECT
/*C135*/SET SCHEMA PUBLIC
DISCONNECT
/*C138*/SET SCHEMA PUBLIC
DISCONNECT
/*C137*/SET SCHEMA PUBLIC
DISCONNECT
/*C140*/SET SCHEMA PUBLIC
DISCONNECT
/*C139*/SET SCHEMA PUBLIC
DISCONNECT
/*C141*/SET SCHEMA PUBLIC
DELETE FROM CHANNEL_USER WHERE CHANNEL=1 AND DSGUID='f81a22fe-6675-40a3-93cd-ab7117fc6979'
INSERT INTO CHANNEL_USER VALUES(1,'f81a22fe-6675-40a3-93cd-ab7117fc6979','b99202f4-783a-4778-8f3e-9c51ceb17a4e','user.0','4c6d532842b09163741117475fdf4222',1,1,'eyJhbGciOiJkaXIiLCJlbmMiOiJBMTI4Q0JDLUhTMjU2Iiwia2lkIjoiUmtRYnRGanVkNyIsInZlcnNpb24iOiIxMC4xLjIuMCJ9..WBNOvnWNK6vYVRZvbNFbzw.XXlq6Ar5PMI4-bqxGaxU2ezUhM8w51l1SrqnqwMn_I4yIkbvpHpm8wFkzYQj7FcnBVsw1uIyDymqxASSQcpasHaVVqrMUeTPJUs5Gqolq-8zJGvkbj5qjR_pOwwX9jdmiLuAD4k4jUeA3AsYNr6kifoZvp0nMqMs-weCpnuiESo023B05ifHnAO-Iw93pIXKGzqc6xHHCAcsa0xAxtFuJ6hhGqDseeR3Np2FKA9LPgTOxVwVFdRnlEHeCovcrGJYUG0qaCax2x6K1u_35ptop2r0dVrez8Id5zcnDDvEB3DxlDahuecF6Utqh8HzkisqbBHTCW4uELavOJce3XcoHg.UuTc1PFE_XA1wc2XlDaoLw','2020-12-16 00:03:19.795000','2020-12-21 20:03:11.312000')
COMMIT
DELETE FROM CHANNEL_VARIABLE WHERE CHANNEL=1 AND NAME='attrib_last_timestamp'
INSERT INTO CHANNEL_VARIABLE VALUES(1,'attrib_last_timestamp','1608580982895')
COMMIT
/*C142*/SET SCHEMA PUBLIC
DELETE FROM CHANNEL_USER WHERE CHANNEL=1 AND DSGUID='f81a22fe-6675-40a3-93cd-ab7117fc6979'
INSERT INTO CHANNEL_USER VALUES(1,'f81a22fe-6675-40a3-93cd-ab7117fc6979','b99202f4-783a-4778-8f3e-9c51ceb17a4e','user.0','4c6d532842b09163741117475fdf4222',1,1,'eyJhbGciOiJkaXIiLCJlbmMiOiJBMTI4Q0JDLUhTMjU2Iiwia2lkIjoiUmtRYnRGanVkNyIsInZlcnNpb24iOiIxMC4xLjIuMCJ9..WBNOvnWNK6vYVRZvbNFbzw.XXlq6Ar5PMI4-bqxGaxU2ezUhM8w51l1SrqnqwMn_I4yIkbvpHpm8wFkzYQj7FcnBVsw1uIyDymqxASSQcpasHaVVqrMUeTPJUs5Gqolq-8zJGvkbj5qjR_pOwwX9jdmiLuAD4k4jUeA3AsYNr6kifoZvp0nMqMs-weCpnuiESo023B05ifHnAO-Iw93pIXKGzqc6xHHCAcsa0xAxtFuJ6hhGqDseeR3Np2FKA9LPgTOxVwVFdRnlEHeCovcrGJYUG0qaCax2x6K1u_35ptop2r0dVrez8Id5zcnDDvEB3DxlDahuecF6Utqh8HzkisqbBHTCW4uELavOJce3XcoHg.UuTc1PFE_XA1wc2XlDaoLw','2020-12-16 00:03:19.795000','2020-12-21 20:03:13.631000')
COMMIT
DELETE FROM CHANNEL_USER WHERE CHANNEL=1 AND DSGUID='f81a22fe-6675-40a3-93cd-ab7117fc6979'
INSERT INTO CHANNEL_USER VALUES(1,'f81a22fe-6675-40a3-93cd-ab7117fc6979','b99202f4-783a-4778-8f3e-9c51ceb17a4e','user.0','4c6d532842b09163741117475fdf4222',1,0,'eyJhbGciOiJkaXIiLCJlbmMiOiJBMTI4Q0JDLUhTMjU2Iiwia2lkIjoiUmtRYnRGanVkNyIsInZlcnNpb24iOiIxMC4xLjIuMCJ9..WBNOvnWNK6vYVRZvbNFbzw.XXlq6Ar5PMI4-bqxGaxU2ezUhM8w51l1SrqnqwMn_I4yIkbvpHpm8wFkzYQj7FcnBVsw1uIyDymqxASSQcpasHaVVqrMUeTPJUs5Gqolq-8zJGvkbj5qjR_pOwwX9jdmiLuAD4k4jUeA3AsYNr6kifoZvp0nMqMs-weCpnuiESo023B05ifHnAO-Iw93pIXKGzqc6xHHCAcsa0xAxtFuJ6hhGqDseeR3Np2FKA9LPgTOxVwVFdRnlEHeCovcrGJYUG0qaCax2x6K1u_35ptop2r0dVrez8Id5zcnDDvEB3DxlDahuecF6Utqh8HzkisqbBHTCW4uELavOJce3XcoHg.UuTc1PFE_XA1wc2XlDaoLw','2020-12-16 00:03:19.795000','2020-12-21 20:03:13.632000')
COMMIT
DELETE FROM CHANNEL_USER WHERE CHANNEL=1 AND DSGUID='f81a22fe-6675-40a3-93cd-ab7117fc6979'
INSERT INTO CHANNEL_USER VALUES(1,'f81a22fe-6675-40a3-93cd-ab7117fc6979','b99202f4-783a-4778-8f3e-9c51ceb17a4e','user.0','4c6d532842b09163741117475fdf4222',1,0,'eyJhbGciOiJkaXIiLCJlbmMiOiJBMTI4Q0JDLUhTMjU2Iiwia2lkIjoiUmtRYnRGanVkNyIsInZlcnNpb24iOiIxMC4xLjIuMCJ9..vhQ0xuVdRRPZg5h5BUCKGg.hauBW7cX_x5YoauJBl-G-g.xQVrYjZpOX-ck0mANTnYrg','2020-12-16 00:03:19.795000','2020-12-21 20:03:13.633000')
COMMIT
/*C143*/SET SCHEMA PUBLIC
DISCONNECT
/*C141*/DISCONNECT
/*C142*/DISCONNECT
